<?xml version="1.0" encoding="UTF-8"?>
<!-- Generated by org.testng.reporters.JUnitXMLReporter -->
<testsuite ignored="0" hostname="DESKTOP-6ER7Q2C" failures="0" tests="3" name="Default test" time="0.037" errors="0" timestamp="05 Aug. 2020 23:14:33 GMT">
  <testcase classname="com.qa.tests.DemoTest1" name="sum" time="0.01"/>
  <testcase classname="com.qa.tests.DemoTest1" name="div" time="0.002"/>
  <testcase classname="com.qa.tests.DemoTest1" name="mul" time="0.001"/>
</testsuite> <!-- Default test -->
