<?xml version="1.0" encoding="UTF-8"?>
<!-- Generated by org.testng.reporters.JUnitXMLReporter -->
<testsuite ignored="0" hostname="DESKTOP-6ER7Q2C" failures="1" tests="3" name="Test" time="0.041" errors="0" timestamp="05 Aug. 2020 20:37:02 GMT">
  <testcase classname="com.qa.tests.DemoTest1" name="sum" time="0.0">
    <failure type="org.testng.TestNGException" message="
Cannot inject @Test annotated Method [sum] with [int, int].
For more information on native dependency injection please refer to http://testng.org/doc/documentation-main.html#native-dependency-injection">
      <![CDATA[org.testng.TestNGException: 
Cannot inject @Test annotated Method [sum] with [int, int].
For more information on native dependency injection please refer to http://testng.org/doc/documentation-main.html#native-dependency-injection
... Removed 24 stack frames]]>
    </failure>
  </testcase> <!-- sum -->
  <testcase classname="com.qa.tests.DemoTest1" name="div" time="0.007"/>
  <testcase classname="com.qa.tests.DemoTest1" name="mul" time="0.001"/>
</testsuite> <!-- Test -->
