<?xml version="1.0" encoding="UTF-8"?>
<testng-results ignored="0" total="3" passed="3" failed="0" skipped="0">
  <reporter-output>
  </reporter-output>
  <suite started-at="2020-08-06T02:19:13Z" name="Suite" finished-at="2020-08-06T02:19:13Z" duration-ms="22">
    <groups>
    </groups>
    <test started-at="2020-08-06T02:19:13Z" name="Test" finished-at="2020-08-06T02:19:13Z" duration-ms="22">
      <class name="com.qa.tests.DemoTest1">
        <test-method signature="sum()[pri:1, instance:com.qa.tests.DemoTest1@5fd4f8f5]" started-at="2020-08-06T02:19:13Z" name="sum" finished-at="2020-08-06T02:19:13Z" duration-ms="6" status="PASS">
          <reporter-output>
          </reporter-output>
        </test-method> <!-- sum -->
        <test-method signature="mul()[pri:3, instance:com.qa.tests.DemoTest1@5fd4f8f5]" started-at="2020-08-06T02:19:13Z" name="mul" finished-at="2020-08-06T02:19:13Z" duration-ms="1" status="PASS">
          <reporter-output>
          </reporter-output>
        </test-method> <!-- mul -->
        <test-method signature="div()[pri:2, instance:com.qa.tests.DemoTest1@5fd4f8f5]" started-at="2020-08-06T02:19:13Z" name="div" finished-at="2020-08-06T02:19:13Z" duration-ms="0" status="PASS">
          <reporter-output>
          </reporter-output>
        </test-method> <!-- div -->
      </class> <!-- com.qa.tests.DemoTest1 -->
    </test> <!-- Test -->
  </suite> <!-- Suite -->
</testng-results>
