<?xml version="1.0" encoding="UTF-8"?>
<testng-results ignored="0" total="3" passed="3" failed="0" skipped="0">
  <reporter-output>
  </reporter-output>
  <suite started-at="2020-08-05T23:14:33Z" name="Default suite" finished-at="2020-08-05T23:14:33Z" duration-ms="37">
    <groups>
    </groups>
    <test started-at="2020-08-05T23:14:33Z" name="Default test" finished-at="2020-08-05T23:14:33Z" duration-ms="37">
      <class name="com.qa.tests.DemoTest1">
        <test-method signature="sum()[pri:1, instance:com.qa.tests.DemoTest1@2d52216b]" started-at="2020-08-05T23:14:33Z" name="sum" finished-at="2020-08-05T23:14:33Z" duration-ms="10" status="PASS">
          <reporter-output>
          </reporter-output>
        </test-method> <!-- sum -->
        <test-method signature="div()[pri:2, instance:com.qa.tests.DemoTest1@2d52216b]" started-at="2020-08-05T23:14:33Z" name="div" finished-at="2020-08-05T23:14:33Z" duration-ms="2" status="PASS">
          <reporter-output>
          </reporter-output>
        </test-method> <!-- div -->
        <test-method signature="mul()[pri:3, instance:com.qa.tests.DemoTest1@2d52216b]" started-at="2020-08-05T23:14:33Z" name="mul" finished-at="2020-08-05T23:14:33Z" duration-ms="1" status="PASS">
          <reporter-output>
          </reporter-output>
        </test-method> <!-- mul -->
      </class> <!-- com.qa.tests.DemoTest1 -->
    </test> <!-- Default test -->
  </suite> <!-- Default suite -->
</testng-results>
